2022-03-21 15:54:37,988:INFO:mlflow==1.23.1
2022-03-21 15:54:37,988:INFO:Checking Exceptions
2022-03-21 15:54:37,988:INFO:Declaring global variables
2022-03-21 15:54:37,988:INFO:USI: ca61
2022-03-21 15:54:37,989:INFO:pycaret_globals: {'create_model_container', 'transform_target_method_param', '_internal_pipeline', 'target_param', 'fold_shuffle_param', 'X', 'imputation_regressor', 'X_test', '_all_models', 'seed', '_ml_usecase', '_all_models_internal', 'USI', 'y', 'experiment__', 'gpu_param', 'fold_groups_param', '_all_metrics', '_gpu_n_jobs_param', 'y_test', 'data_before_preprocess', 'log_plots_param', 'iterative_imputation_iters_param', 'y_train', 'prep_pipe', 'logging_param', 'X_train', 'display_container', 'stratify_param', 'master_model_container', 'html_param', 'imputation_classifier', 'fix_imbalance_method_param', 'fold_param', 'n_jobs_param', 'pycaret_globals', 'exp_name_log', 'transform_target_param', 'fold_groups_param_full', 'fix_imbalance_param', 'fold_generator', '_available_plots'}
2022-03-21 15:54:37,989:INFO:Preparing display monitor
2022-03-21 15:54:37,989:INFO:Preparing display monitor
2022-03-21 15:54:38,004:INFO:Importing libraries
2022-03-21 15:54:38,004:INFO:Copying data for preprocessing
2022-03-21 15:54:38,017:INFO:Declaring preprocessing parameters
2022-03-21 15:54:38,019:INFO:Creating preprocessing pipeline
2022-03-21 15:54:38,037:INFO:Preprocessing pipeline created successfully
2022-03-21 15:54:38,037:ERROR:(Process Exit): setup has been interupted with user command 'quit'. setup must rerun.
2022-03-21 15:54:38,037:INFO:Creating global containers
2022-03-21 15:54:38,038:INFO:Internal pipeline: Pipeline(memory=None, steps=[('empty_step', 'passthrough')], verbose=False)
2022-03-21 15:56:21,281:INFO:PyCaret Supervised Module
2022-03-21 15:56:21,281:INFO:ML Usecase: regression
2022-03-21 15:56:21,281:INFO:version 2.3.6
2022-03-21 15:56:21,281:INFO:Initializing setup()
2022-03-21 15:56:21,281:INFO:setup(target=count, ml_usecase=regression, available_plots={'parameter': 'Hyperparameters', 'residuals': 'Residuals', 'error': 'Prediction Error', 'cooks': 'Cooks Distance', 'rfe': 'Feature Selection', 'learning': 'Learning Curve', 'manifold': 'Manifold Learning', 'vc': 'Validation Curve', 'feature': 'Feature Importance', 'feature_all': 'Feature Importance (All)', 'tree': 'Decision Tree', 'residuals_interactive': 'Interactive Residuals'}, train_size=0.7, test_data=None, preprocess=True, imputation_type=simple, iterative_imputation_iters=5, categorical_features=None, categorical_imputation=constant, categorical_iterative_imputer=lightgbm, ordinal_features=None, high_cardinality_features=None, high_cardinality_method=frequency, numeric_features=None, numeric_imputation=mean, numeric_iterative_imputer=lightgbm, date_features=None, ignore_features=None, normalize=False, normalize_method=zscore, transformation=False, transformation_method=yeo-johnson, handle_unknown_categorical=True, unknown_categorical_method=least_frequent, pca=False, pca_method=linear, pca_components=None, ignore_low_variance=False, combine_rare_levels=False, rare_level_threshold=0.1, bin_numeric_features=None, remove_outliers=False, outliers_threshold=0.05, remove_multicollinearity=False, multicollinearity_threshold=0.9, remove_perfect_collinearity=True, create_clusters=False, cluster_iter=20, polynomial_features=False, polynomial_degree=2, trigonometry_features=False, polynomial_threshold=0.1, group_features=None, group_names=None, feature_selection=False, feature_selection_threshold=0.8, feature_selection_method=classic, feature_interaction=False, feature_ratio=False, interaction_threshold=0.01, fix_imbalance=False, fix_imbalance_method=None, transform_target=False, transform_target_method=box-cox, data_split_shuffle=True, data_split_stratify=False, fold_strategy=kfold, fold=10, fold_shuffle=False, fold_groups=None, n_jobs=-1, use_gpu=False, custom_pipeline=None, html=True, session_id=None, log_experiment=False, experiment_name=None, log_plots=False, log_profile=False, log_data=False, silent=False, verbose=True, profile=False, profile_kwargs=None, display=None)
2022-03-21 15:56:21,282:INFO:Checking environment
2022-03-21 15:56:21,282:INFO:python_version: 3.9.7
2022-03-21 15:56:21,282:INFO:python_build: ('default', 'Sep 16 2021 13:09:58')
2022-03-21 15:56:21,282:INFO:machine: x86_64
2022-03-21 15:56:21,282:INFO:platform: Linux-5.11.0-46-generic-x86_64-with-glibc2.31
2022-03-21 15:56:21,283:INFO:Memory: svmem(total=16657166336, available=9471930368, percent=43.1, used=6700208128, free=6681808896, active=1219731456, inactive=8011067392, buffers=199610368, cached=3075538944, shared=145268736, slab=326574080)
2022-03-21 15:56:21,284:INFO:Physical Core: 4
2022-03-21 15:56:21,284:INFO:Logical Core: 8
2022-03-21 15:56:21,284:INFO:Checking libraries
2022-03-21 15:56:21,284:INFO:pd==1.3.4
2022-03-21 15:56:21,284:INFO:numpy==1.19.5
2022-03-21 15:56:21,284:INFO:sklearn==0.23.2
2022-03-21 15:56:21,284:INFO:lightgbm==3.3.2
2022-03-21 15:56:21,284:WARNING:catboost not found
2022-03-21 15:56:21,285:INFO:xgboost==1.5.2
2022-03-21 15:56:21,285:INFO:mlflow==1.23.1
2022-03-21 15:56:21,285:INFO:Checking Exceptions
2022-03-21 15:56:21,285:INFO:Declaring global variables
2022-03-21 15:56:21,285:INFO:USI: d0f2
2022-03-21 15:56:21,285:INFO:pycaret_globals: {'create_model_container', 'transform_target_method_param', '_internal_pipeline', 'target_param', 'fold_shuffle_param', 'X', 'imputation_regressor', 'X_test', '_all_models', 'seed', '_ml_usecase', '_all_models_internal', 'USI', 'y', 'experiment__', 'gpu_param', 'fold_groups_param', '_all_metrics', '_gpu_n_jobs_param', 'y_test', 'data_before_preprocess', 'log_plots_param', 'iterative_imputation_iters_param', 'y_train', 'prep_pipe', 'logging_param', 'X_train', 'display_container', 'stratify_param', 'master_model_container', 'html_param', 'imputation_classifier', 'fix_imbalance_method_param', 'fold_param', 'n_jobs_param', 'pycaret_globals', 'exp_name_log', 'transform_target_param', 'fold_groups_param_full', 'fix_imbalance_param', 'fold_generator', '_available_plots'}
2022-03-21 15:56:21,285:INFO:Preparing display monitor
2022-03-21 15:56:21,285:INFO:Preparing display monitor
2022-03-21 15:56:21,303:INFO:Importing libraries
2022-03-21 15:56:21,303:INFO:Copying data for preprocessing
2022-03-21 15:56:21,315:INFO:Declaring preprocessing parameters
2022-03-21 15:56:21,318:INFO:Creating preprocessing pipeline
2022-03-21 15:56:21,345:INFO:Preprocessing pipeline created successfully
2022-03-21 15:56:21,345:ERROR:(Process Exit): setup has been interupted with user command 'quit'. setup must rerun.
2022-03-21 15:56:21,346:INFO:Creating global containers
2022-03-21 15:56:21,346:INFO:Internal pipeline: Pipeline(memory=None, steps=[('empty_step', 'passthrough')], verbose=False)
2022-03-21 15:56:26,519:WARNING:Couldn't import catboost.CatBoostRegressor
2022-03-21 15:56:26,643:WARNING:Couldn't import catboost.CatBoostRegressor
2022-03-21 15:56:26,644:INFO:Creating grid variables
2022-03-21 15:56:26,655:INFO:create_model_container: 0
2022-03-21 15:56:26,655:INFO:master_model_container: 0
2022-03-21 15:56:26,655:INFO:display_container: 1
2022-03-21 15:56:26,661:INFO:Pipeline(memory=None,
         steps=[('dtypes',
                 DataTypes_Auto_infer(categorical_features=[],
                                      display_types=True, features_todrop=[],
                                      id_columns=[], ml_usecase='regression',
                                      numerical_features=[], target='count',
                                      time_features=[])),
                ('imputer',
                 Simple_Imputer(categorical_strategy='not_available',
                                fill_value_categorical=None,
                                fill_value_numerical=None,
                                numeric_strategy='...
                ('scaling', 'passthrough'), ('P_transform', 'passthrough'),
                ('binn', 'passthrough'), ('rem_outliers', 'passthrough'),
                ('cluster_all', 'passthrough'),
                ('dummy', Dummify(target='count')),
                ('fix_perfect', Remove_100(target='count')),
                ('clean_names', Clean_Colum_Names()),
                ('feature_select', 'passthrough'), ('fix_multi', 'passthrough'),
                ('dfs', 'passthrough'), ('pca', 'passthrough')],
         verbose=False)
2022-03-21 15:56:26,661:INFO:setup() succesfully completed......................................
2022-03-21 15:56:53,218:INFO:Initializing compare_models()
2022-03-21 15:56:53,218:INFO:compare_models(include=None, fold=None, round=4, cross_validation=True, sort=R2, n_select=1, budget_time=None, turbo=True, errors=ignore, fit_kwargs=None, groups=None, probability_threshold=None, verbose=True, display=None, exclude=None)
2022-03-21 15:56:53,218:INFO:Checking exceptions
2022-03-21 15:56:53,219:INFO:Preparing display monitor
2022-03-21 15:56:53,219:INFO:Preparing display monitor
2022-03-21 15:56:53,252:INFO:Initializing Linear Regression
2022-03-21 15:56:53,252:INFO:Total runtime is 4.271666208902995e-06 minutes
2022-03-21 15:56:53,264:INFO:SubProcess create_model() called ==================================
2022-03-21 15:56:53,265:INFO:Initializing create_model()
2022-03-21 15:56:53,265:INFO:create_model(estimator=lr, fold=KFold(n_splits=10, random_state=None, shuffle=False), round=4, cross_validation=True, predict=True, fit_kwargs={}, groups=None, refit=False, verbose=False, system=False, metrics=None, add_to_model_list=True, probability_threshold=None, display=<pycaret.internal.Display.Display object at 0x7f9f3392f460>, kwargs={})
2022-03-21 15:56:53,265:INFO:Checking exceptions
2022-03-21 15:56:53,265:INFO:Importing libraries
2022-03-21 15:56:53,265:INFO:Copying training dataset
2022-03-21 15:56:53,267:INFO:Defining folds
2022-03-21 15:56:53,267:INFO:Declaring metric variables
2022-03-21 15:56:53,280:INFO:Importing untrained model
2022-03-21 15:56:53,290:INFO:Linear Regression Imported succesfully
2022-03-21 15:56:53,312:INFO:Starting cross validation
2022-03-21 15:56:53,318:INFO:Cross validating with KFold(n_splits=10, random_state=None, shuffle=False), n_jobs=-1
2022-03-21 15:56:57,089:INFO:Calculating mean and std
2022-03-21 15:56:57,091:INFO:Creating metrics dataframe
2022-03-21 15:56:57,097:INFO:Uploading results into container
2022-03-21 15:56:57,098:INFO:Uploading model into container now
2022-03-21 15:56:57,098:INFO:create_model_container: 1
2022-03-21 15:56:57,098:INFO:master_model_container: 1
2022-03-21 15:56:57,098:INFO:display_container: 2
2022-03-21 15:56:57,099:INFO:LinearRegression(copy_X=True, fit_intercept=True, n_jobs=-1, normalize=False)
2022-03-21 15:56:57,099:INFO:create_model() succesfully completed......................................
2022-03-21 15:56:57,193:INFO:SubProcess create_model() end ==================================
2022-03-21 15:56:57,193:INFO:Creating metrics dataframe
2022-03-21 15:56:57,211:INFO:Initializing Lasso Regression
2022-03-21 15:56:57,211:INFO:Total runtime is 0.06598172187805176 minutes
2022-03-21 15:56:57,224:INFO:SubProcess create_model() called ==================================
2022-03-21 15:56:57,224:INFO:Initializing create_model()
2022-03-21 15:56:57,224:INFO:create_model(estimator=lasso, fold=KFold(n_splits=10, random_state=None, shuffle=False), round=4, cross_validation=True, predict=True, fit_kwargs={}, groups=None, refit=False, verbose=False, system=False, metrics=None, add_to_model_list=True, probability_threshold=None, display=<pycaret.internal.Display.Display object at 0x7f9f3392f460>, kwargs={})
2022-03-21 15:56:57,224:INFO:Checking exceptions
2022-03-21 15:56:57,225:INFO:Importing libraries
2022-03-21 15:56:57,225:INFO:Copying training dataset
2022-03-21 15:56:57,226:INFO:Defining folds
2022-03-21 15:56:57,226:INFO:Declaring metric variables
2022-03-21 15:56:57,239:INFO:Importing untrained model
2022-03-21 15:56:57,249:INFO:Lasso Regression Imported succesfully
2022-03-21 15:56:57,275:INFO:Starting cross validation
2022-03-21 15:56:57,276:INFO:Cross validating with KFold(n_splits=10, random_state=None, shuffle=False), n_jobs=-1
2022-03-21 15:56:57,372:INFO:Calculating mean and std
2022-03-21 15:56:57,373:INFO:Creating metrics dataframe
2022-03-21 15:56:57,377:INFO:Uploading results into container
2022-03-21 15:56:57,377:INFO:Uploading model into container now
2022-03-21 15:56:57,378:INFO:create_model_container: 2
2022-03-21 15:56:57,378:INFO:master_model_container: 2
2022-03-21 15:56:57,378:INFO:display_container: 2
2022-03-21 15:56:57,378:INFO:Lasso(alpha=1.0, copy_X=True, fit_intercept=True, max_iter=1000,
      normalize=False, positive=False, precompute=False, random_state=1554,
      selection='cyclic', tol=0.0001, warm_start=False)
2022-03-21 15:56:57,378:INFO:create_model() succesfully completed......................................
2022-03-21 15:56:57,454:INFO:SubProcess create_model() end ==================================
2022-03-21 15:56:57,454:INFO:Creating metrics dataframe
2022-03-21 15:56:57,472:INFO:Initializing Ridge Regression
2022-03-21 15:56:57,472:INFO:Total runtime is 0.07034004131952921 minutes
2022-03-21 15:56:57,481:INFO:SubProcess create_model() called ==================================
2022-03-21 15:56:57,482:INFO:Initializing create_model()
2022-03-21 15:56:57,482:INFO:create_model(estimator=ridge, fold=KFold(n_splits=10, random_state=None, shuffle=False), round=4, cross_validation=True, predict=True, fit_kwargs={}, groups=None, refit=False, verbose=False, system=False, metrics=None, add_to_model_list=True, probability_threshold=None, display=<pycaret.internal.Display.Display object at 0x7f9f3392f460>, kwargs={})
2022-03-21 15:56:57,482:INFO:Checking exceptions
2022-03-21 15:56:57,482:INFO:Importing libraries
2022-03-21 15:56:57,482:INFO:Copying training dataset
2022-03-21 15:56:57,484:INFO:Defining folds
2022-03-21 15:56:57,484:INFO:Declaring metric variables
2022-03-21 15:56:57,493:INFO:Importing untrained model
2022-03-21 15:56:57,504:INFO:Ridge Regression Imported succesfully
2022-03-21 15:56:57,533:INFO:Starting cross validation
2022-03-21 15:56:57,534:INFO:Cross validating with KFold(n_splits=10, random_state=None, shuffle=False), n_jobs=-1
2022-03-21 15:56:57,627:INFO:Calculating mean and std
2022-03-21 15:56:57,628:INFO:Creating metrics dataframe
2022-03-21 15:56:57,632:INFO:Uploading results into container
2022-03-21 15:56:57,632:INFO:Uploading model into container now
2022-03-21 15:56:57,633:INFO:create_model_container: 3
2022-03-21 15:56:57,633:INFO:master_model_container: 3
2022-03-21 15:56:57,633:INFO:display_container: 2
2022-03-21 15:56:57,633:INFO:Ridge(alpha=1.0, copy_X=True, fit_intercept=True, max_iter=None,
      normalize=False, random_state=1554, solver='auto', tol=0.001)
2022-03-21 15:56:57,633:INFO:create_model() succesfully completed......................................
2022-03-21 15:56:57,708:INFO:SubProcess create_model() end ==================================
2022-03-21 15:56:57,709:INFO:Creating metrics dataframe
2022-03-21 15:56:57,727:INFO:Initializing Elastic Net
2022-03-21 15:56:57,727:INFO:Total runtime is 0.0745837926864624 minutes
2022-03-21 15:56:57,738:INFO:SubProcess create_model() called ==================================
2022-03-21 15:56:57,739:INFO:Initializing create_model()
2022-03-21 15:56:57,739:INFO:create_model(estimator=en, fold=KFold(n_splits=10, random_state=None, shuffle=False), round=4, cross_validation=True, predict=True, fit_kwargs={}, groups=None, refit=False, verbose=False, system=False, metrics=None, add_to_model_list=True, probability_threshold=None, display=<pycaret.internal.Display.Display object at 0x7f9f3392f460>, kwargs={})
2022-03-21 15:56:57,739:INFO:Checking exceptions
2022-03-21 15:56:57,739:INFO:Importing libraries
2022-03-21 15:56:57,739:INFO:Copying training dataset
2022-03-21 15:56:57,740:INFO:Defining folds
2022-03-21 15:56:57,740:INFO:Declaring metric variables
2022-03-21 15:56:57,749:INFO:Importing untrained model
2022-03-21 15:56:57,761:INFO:Elastic Net Imported succesfully
2022-03-21 15:56:57,791:INFO:Starting cross validation
2022-03-21 15:56:57,792:INFO:Cross validating with KFold(n_splits=10, random_state=None, shuffle=False), n_jobs=-1
2022-03-21 15:56:57,886:INFO:Calculating mean and std
2022-03-21 15:56:57,887:INFO:Creating metrics dataframe
2022-03-21 15:56:57,893:INFO:Uploading results into container
2022-03-21 15:56:57,894:INFO:Uploading model into container now
2022-03-21 15:56:57,894:INFO:create_model_container: 4
2022-03-21 15:56:57,894:INFO:master_model_container: 4
2022-03-21 15:56:57,894:INFO:display_container: 2
2022-03-21 15:56:57,894:INFO:ElasticNet(alpha=1.0, copy_X=True, fit_intercept=True, l1_ratio=0.5,
           max_iter=1000, normalize=False, positive=False, precompute=False,
           random_state=1554, selection='cyclic', tol=0.0001, warm_start=False)
2022-03-21 15:56:57,895:INFO:create_model() succesfully completed......................................
2022-03-21 15:56:57,978:INFO:SubProcess create_model() end ==================================
2022-03-21 15:56:57,978:INFO:Creating metrics dataframe
2022-03-21 15:56:57,997:INFO:Initializing Least Angle Regression
2022-03-21 15:56:57,998:INFO:Total runtime is 0.0790930151939392 minutes
2022-03-21 15:56:58,008:INFO:SubProcess create_model() called ==================================
2022-03-21 15:56:58,008:INFO:Initializing create_model()
2022-03-21 15:56:58,008:INFO:create_model(estimator=lar, fold=KFold(n_splits=10, random_state=None, shuffle=False), round=4, cross_validation=True, predict=True, fit_kwargs={}, groups=None, refit=False, verbose=False, system=False, metrics=None, add_to_model_list=True, probability_threshold=None, display=<pycaret.internal.Display.Display object at 0x7f9f3392f460>, kwargs={})
2022-03-21 15:56:58,008:INFO:Checking exceptions
2022-03-21 15:56:58,008:INFO:Importing libraries
2022-03-21 15:56:58,008:INFO:Copying training dataset
2022-03-21 15:56:58,009:INFO:Defining folds
2022-03-21 15:56:58,010:INFO:Declaring metric variables
2022-03-21 15:56:58,019:INFO:Importing untrained model
2022-03-21 15:56:58,032:INFO:Least Angle Regression Imported succesfully
2022-03-21 15:56:58,062:INFO:Starting cross validation
2022-03-21 15:56:58,063:INFO:Cross validating with KFold(n_splits=10, random_state=None, shuffle=False), n_jobs=-1
2022-03-21 15:56:58,163:INFO:Calculating mean and std
2022-03-21 15:56:58,164:INFO:Creating metrics dataframe
2022-03-21 15:56:58,169:INFO:Uploading results into container
2022-03-21 15:56:58,169:INFO:Uploading model into container now
2022-03-21 15:56:58,169:INFO:create_model_container: 5
2022-03-21 15:56:58,169:INFO:master_model_container: 5
2022-03-21 15:56:58,169:INFO:display_container: 2
2022-03-21 15:56:58,170:INFO:Lars(copy_X=True, eps=2.220446049250313e-16, fit_intercept=True, fit_path=True,
     jitter=None, n_nonzero_coefs=500, normalize=True, precompute='auto',
     random_state=1554, verbose=False)
2022-03-21 15:56:58,170:INFO:create_model() succesfully completed......................................
2022-03-21 15:56:58,244:INFO:SubProcess create_model() end ==================================
2022-03-21 15:56:58,244:INFO:Creating metrics dataframe
2022-03-21 15:56:58,263:INFO:Initializing Lasso Least Angle Regression
2022-03-21 15:56:58,263:INFO:Total runtime is 0.08351519107818603 minutes
2022-03-21 15:56:58,273:INFO:SubProcess create_model() called ==================================
2022-03-21 15:56:58,274:INFO:Initializing create_model()
2022-03-21 15:56:58,274:INFO:create_model(estimator=llar, fold=KFold(n_splits=10, random_state=None, shuffle=False), round=4, cross_validation=True, predict=True, fit_kwargs={}, groups=None, refit=False, verbose=False, system=False, metrics=None, add_to_model_list=True, probability_threshold=None, display=<pycaret.internal.Display.Display object at 0x7f9f3392f460>, kwargs={})
2022-03-21 15:56:58,274:INFO:Checking exceptions
2022-03-21 15:56:58,274:INFO:Importing libraries
2022-03-21 15:56:58,274:INFO:Copying training dataset
2022-03-21 15:56:58,275:INFO:Defining folds
2022-03-21 15:56:58,275:INFO:Declaring metric variables
2022-03-21 15:56:58,286:INFO:Importing untrained model
2022-03-21 15:56:58,297:INFO:Lasso Least Angle Regression Imported succesfully
2022-03-21 15:56:58,325:INFO:Starting cross validation
2022-03-21 15:56:58,326:INFO:Cross validating with KFold(n_splits=10, random_state=None, shuffle=False), n_jobs=-1
2022-03-21 15:56:58,412:INFO:Calculating mean and std
2022-03-21 15:56:58,413:INFO:Creating metrics dataframe
2022-03-21 15:56:58,418:INFO:Uploading results into container
2022-03-21 15:56:58,418:INFO:Uploading model into container now
2022-03-21 15:56:58,418:INFO:create_model_container: 6
2022-03-21 15:56:58,418:INFO:master_model_container: 6
2022-03-21 15:56:58,418:INFO:display_container: 2
2022-03-21 15:56:58,419:INFO:LassoLars(alpha=1.0, copy_X=True, eps=2.220446049250313e-16, fit_intercept=True,
          fit_path=True, jitter=None, max_iter=500, normalize=True,
          positive=False, precompute='auto', random_state=1554, verbose=False)
2022-03-21 15:56:58,419:INFO:create_model() succesfully completed......................................
2022-03-21 15:56:58,492:INFO:SubProcess create_model() end ==================================
2022-03-21 15:56:58,492:INFO:Creating metrics dataframe
2022-03-21 15:56:58,511:INFO:Initializing Orthogonal Matching Pursuit
2022-03-21 15:56:58,511:INFO:Total runtime is 0.08765488465627035 minutes
2022-03-21 15:56:58,521:INFO:SubProcess create_model() called ==================================
2022-03-21 15:56:58,522:INFO:Initializing create_model()
2022-03-21 15:56:58,522:INFO:create_model(estimator=omp, fold=KFold(n_splits=10, random_state=None, shuffle=False), round=4, cross_validation=True, predict=True, fit_kwargs={}, groups=None, refit=False, verbose=False, system=False, metrics=None, add_to_model_list=True, probability_threshold=None, display=<pycaret.internal.Display.Display object at 0x7f9f3392f460>, kwargs={})
2022-03-21 15:56:58,522:INFO:Checking exceptions
2022-03-21 15:56:58,522:INFO:Importing libraries
2022-03-21 15:56:58,522:INFO:Copying training dataset
2022-03-21 15:56:58,523:INFO:Defining folds
2022-03-21 15:56:58,523:INFO:Declaring metric variables
2022-03-21 15:56:58,534:INFO:Importing untrained model
2022-03-21 15:56:58,548:INFO:Orthogonal Matching Pursuit Imported succesfully
2022-03-21 15:56:58,569:INFO:Starting cross validation
2022-03-21 15:56:58,570:INFO:Cross validating with KFold(n_splits=10, random_state=None, shuffle=False), n_jobs=-1
2022-03-21 15:56:58,655:INFO:Calculating mean and std
2022-03-21 15:56:58,656:INFO:Creating metrics dataframe
2022-03-21 15:56:58,661:INFO:Uploading results into container
2022-03-21 15:56:58,661:INFO:Uploading model into container now
2022-03-21 15:56:58,661:INFO:create_model_container: 7
2022-03-21 15:56:58,661:INFO:master_model_container: 7
2022-03-21 15:56:58,661:INFO:display_container: 2
2022-03-21 15:56:58,661:INFO:OrthogonalMatchingPursuit(fit_intercept=True, n_nonzero_coefs=None,
                          normalize=True, precompute='auto', tol=None)
2022-03-21 15:56:58,662:INFO:create_model() succesfully completed......................................
2022-03-21 15:56:58,737:INFO:SubProcess create_model() end ==================================
2022-03-21 15:56:58,737:INFO:Creating metrics dataframe
2022-03-21 15:56:58,757:INFO:Initializing Bayesian Ridge
2022-03-21 15:56:58,757:INFO:Total runtime is 0.09175521930058797 minutes
2022-03-21 15:56:58,767:INFO:SubProcess create_model() called ==================================
2022-03-21 15:56:58,767:INFO:Initializing create_model()
2022-03-21 15:56:58,768:INFO:create_model(estimator=br, fold=KFold(n_splits=10, random_state=None, shuffle=False), round=4, cross_validation=True, predict=True, fit_kwargs={}, groups=None, refit=False, verbose=False, system=False, metrics=None, add_to_model_list=True, probability_threshold=None, display=<pycaret.internal.Display.Display object at 0x7f9f3392f460>, kwargs={})
2022-03-21 15:56:58,768:INFO:Checking exceptions
2022-03-21 15:56:58,768:INFO:Importing libraries
2022-03-21 15:56:58,768:INFO:Copying training dataset
2022-03-21 15:56:58,769:INFO:Defining folds
2022-03-21 15:56:58,769:INFO:Declaring metric variables
2022-03-21 15:56:58,781:INFO:Importing untrained model
2022-03-21 15:56:58,791:INFO:Bayesian Ridge Imported succesfully
2022-03-21 15:56:58,817:INFO:Starting cross validation
2022-03-21 15:56:58,818:INFO:Cross validating with KFold(n_splits=10, random_state=None, shuffle=False), n_jobs=-1
2022-03-21 15:56:58,910:INFO:Calculating mean and std
2022-03-21 15:56:58,911:INFO:Creating metrics dataframe
2022-03-21 15:56:58,916:INFO:Uploading results into container
2022-03-21 15:56:58,916:INFO:Uploading model into container now
2022-03-21 15:56:58,916:INFO:create_model_container: 8
2022-03-21 15:56:58,916:INFO:master_model_container: 8
2022-03-21 15:56:58,916:INFO:display_container: 2
2022-03-21 15:56:58,917:INFO:BayesianRidge(alpha_1=1e-06, alpha_2=1e-06, alpha_init=None,
              compute_score=False, copy_X=True, fit_intercept=True,
              lambda_1=1e-06, lambda_2=1e-06, lambda_init=None, n_iter=300,
              normalize=False, tol=0.001, verbose=False)
2022-03-21 15:56:58,917:INFO:create_model() succesfully completed......................................
2022-03-21 15:56:58,990:INFO:SubProcess create_model() end ==================================
2022-03-21 15:56:58,990:INFO:Creating metrics dataframe
2022-03-21 15:56:59,010:INFO:Initializing Passive Aggressive Regressor
2022-03-21 15:56:59,011:INFO:Total runtime is 0.09597489833831786 minutes
2022-03-21 15:56:59,020:INFO:SubProcess create_model() called ==================================
2022-03-21 15:56:59,021:INFO:Initializing create_model()
2022-03-21 15:56:59,021:INFO:create_model(estimator=par, fold=KFold(n_splits=10, random_state=None, shuffle=False), round=4, cross_validation=True, predict=True, fit_kwargs={}, groups=None, refit=False, verbose=False, system=False, metrics=None, add_to_model_list=True, probability_threshold=None, display=<pycaret.internal.Display.Display object at 0x7f9f3392f460>, kwargs={})
2022-03-21 15:56:59,021:INFO:Checking exceptions
2022-03-21 15:56:59,021:INFO:Importing libraries
2022-03-21 15:56:59,021:INFO:Copying training dataset
2022-03-21 15:56:59,023:INFO:Defining folds
2022-03-21 15:56:59,023:INFO:Declaring metric variables
2022-03-21 15:56:59,031:INFO:Importing untrained model
2022-03-21 15:56:59,043:INFO:Passive Aggressive Regressor Imported succesfully
2022-03-21 15:56:59,065:INFO:Starting cross validation
2022-03-21 15:56:59,066:INFO:Cross validating with KFold(n_splits=10, random_state=None, shuffle=False), n_jobs=-1
2022-03-21 15:56:59,295:INFO:Calculating mean and std
2022-03-21 15:56:59,296:INFO:Creating metrics dataframe
2022-03-21 15:56:59,301:INFO:Uploading results into container
2022-03-21 15:56:59,301:INFO:Uploading model into container now
2022-03-21 15:56:59,301:INFO:create_model_container: 9
2022-03-21 15:56:59,301:INFO:master_model_container: 9
2022-03-21 15:56:59,301:INFO:display_container: 2
2022-03-21 15:56:59,301:INFO:PassiveAggressiveRegressor(C=1.0, average=False, early_stopping=False,
                           epsilon=0.1, fit_intercept=True,
                           loss='epsilon_insensitive', max_iter=1000,
                           n_iter_no_change=5, random_state=1554, shuffle=True,
                           tol=0.001, validation_fraction=0.1, verbose=0,
                           warm_start=False)
2022-03-21 15:56:59,301:INFO:create_model() succesfully completed......................................
2022-03-21 15:56:59,394:INFO:SubProcess create_model() end ==================================
2022-03-21 15:56:59,394:INFO:Creating metrics dataframe
2022-03-21 15:56:59,416:INFO:Initializing Huber Regressor
2022-03-21 15:56:59,416:INFO:Total runtime is 0.10273996988932291 minutes
2022-03-21 15:56:59,427:INFO:SubProcess create_model() called ==================================
2022-03-21 15:56:59,428:INFO:Initializing create_model()
2022-03-21 15:56:59,428:INFO:create_model(estimator=huber, fold=KFold(n_splits=10, random_state=None, shuffle=False), round=4, cross_validation=True, predict=True, fit_kwargs={}, groups=None, refit=False, verbose=False, system=False, metrics=None, add_to_model_list=True, probability_threshold=None, display=<pycaret.internal.Display.Display object at 0x7f9f3392f460>, kwargs={})
2022-03-21 15:56:59,428:INFO:Checking exceptions
2022-03-21 15:56:59,428:INFO:Importing libraries
2022-03-21 15:56:59,428:INFO:Copying training dataset
2022-03-21 15:56:59,429:INFO:Defining folds
2022-03-21 15:56:59,430:INFO:Declaring metric variables
2022-03-21 15:56:59,438:INFO:Importing untrained model
2022-03-21 15:56:59,447:INFO:Huber Regressor Imported succesfully
2022-03-21 15:56:59,469:INFO:Starting cross validation
2022-03-21 15:56:59,470:INFO:Cross validating with KFold(n_splits=10, random_state=None, shuffle=False), n_jobs=-1
2022-03-21 15:57:00,130:INFO:Calculating mean and std
2022-03-21 15:57:00,131:INFO:Creating metrics dataframe
2022-03-21 15:57:00,136:INFO:Uploading results into container
2022-03-21 15:57:00,136:INFO:Uploading model into container now
2022-03-21 15:57:00,136:INFO:create_model_container: 10
2022-03-21 15:57:00,136:INFO:master_model_container: 10
2022-03-21 15:57:00,136:INFO:display_container: 2
2022-03-21 15:57:00,137:INFO:HuberRegressor(alpha=0.0001, epsilon=1.35, fit_intercept=True, max_iter=100,
               tol=1e-05, warm_start=False)
2022-03-21 15:57:00,137:INFO:create_model() succesfully completed......................................
2022-03-21 15:57:00,213:INFO:SubProcess create_model() end ==================================
2022-03-21 15:57:00,213:INFO:Creating metrics dataframe
2022-03-21 15:57:00,236:INFO:Initializing K Neighbors Regressor
2022-03-21 15:57:00,236:INFO:Total runtime is 0.1164022405942281 minutes
2022-03-21 15:57:00,247:INFO:SubProcess create_model() called ==================================
2022-03-21 15:57:00,248:INFO:Initializing create_model()
2022-03-21 15:57:00,248:INFO:create_model(estimator=knn, fold=KFold(n_splits=10, random_state=None, shuffle=False), round=4, cross_validation=True, predict=True, fit_kwargs={}, groups=None, refit=False, verbose=False, system=False, metrics=None, add_to_model_list=True, probability_threshold=None, display=<pycaret.internal.Display.Display object at 0x7f9f3392f460>, kwargs={})
2022-03-21 15:57:00,248:INFO:Checking exceptions
2022-03-21 15:57:00,248:INFO:Importing libraries
2022-03-21 15:57:00,249:INFO:Copying training dataset
2022-03-21 15:57:00,250:INFO:Defining folds
2022-03-21 15:57:00,250:INFO:Declaring metric variables
2022-03-21 15:57:00,262:INFO:Importing untrained model
2022-03-21 15:57:00,276:INFO:K Neighbors Regressor Imported succesfully
2022-03-21 15:57:00,305:INFO:Starting cross validation
2022-03-21 15:57:00,306:INFO:Cross validating with KFold(n_splits=10, random_state=None, shuffle=False), n_jobs=-1
2022-03-21 15:57:00,490:INFO:Calculating mean and std
2022-03-21 15:57:00,491:INFO:Creating metrics dataframe
2022-03-21 15:57:00,495:INFO:Uploading results into container
2022-03-21 15:57:00,495:INFO:Uploading model into container now
2022-03-21 15:57:00,495:INFO:create_model_container: 11
2022-03-21 15:57:00,495:INFO:master_model_container: 11
2022-03-21 15:57:00,495:INFO:display_container: 2
2022-03-21 15:57:00,496:INFO:KNeighborsRegressor(algorithm='auto', leaf_size=30, metric='minkowski',
                    metric_params=None, n_jobs=-1, n_neighbors=5, p=2,
                    weights='uniform')
2022-03-21 15:57:00,496:INFO:create_model() succesfully completed......................................
2022-03-21 15:57:00,569:INFO:SubProcess create_model() end ==================================
2022-03-21 15:57:00,569:INFO:Creating metrics dataframe
2022-03-21 15:57:00,589:INFO:Initializing Decision Tree Regressor
2022-03-21 15:57:00,589:INFO:Total runtime is 0.1222880999247233 minutes
2022-03-21 15:57:00,598:INFO:SubProcess create_model() called ==================================
2022-03-21 15:57:00,599:INFO:Initializing create_model()
2022-03-21 15:57:00,600:INFO:create_model(estimator=dt, fold=KFold(n_splits=10, random_state=None, shuffle=False), round=4, cross_validation=True, predict=True, fit_kwargs={}, groups=None, refit=False, verbose=False, system=False, metrics=None, add_to_model_list=True, probability_threshold=None, display=<pycaret.internal.Display.Display object at 0x7f9f3392f460>, kwargs={})
2022-03-21 15:57:00,600:INFO:Checking exceptions
2022-03-21 15:57:00,600:INFO:Importing libraries
2022-03-21 15:57:00,600:INFO:Copying training dataset
2022-03-21 15:57:00,601:INFO:Defining folds
2022-03-21 15:57:00,602:INFO:Declaring metric variables
2022-03-21 15:57:00,614:INFO:Importing untrained model
2022-03-21 15:57:00,628:INFO:Decision Tree Regressor Imported succesfully
2022-03-21 15:57:00,657:INFO:Starting cross validation
2022-03-21 15:57:00,658:INFO:Cross validating with KFold(n_splits=10, random_state=None, shuffle=False), n_jobs=-1
2022-03-21 15:57:00,828:INFO:Calculating mean and std
2022-03-21 15:57:00,829:INFO:Creating metrics dataframe
2022-03-21 15:57:00,834:INFO:Uploading results into container
2022-03-21 15:57:00,834:INFO:Uploading model into container now
2022-03-21 15:57:00,835:INFO:create_model_container: 12
2022-03-21 15:57:00,835:INFO:master_model_container: 12
2022-03-21 15:57:00,835:INFO:display_container: 2
2022-03-21 15:57:00,835:INFO:DecisionTreeRegressor(ccp_alpha=0.0, criterion='mse', max_depth=None,
                      max_features=None, max_leaf_nodes=None,
                      min_impurity_decrease=0.0, min_impurity_split=None,
                      min_samples_leaf=1, min_samples_split=2,
                      min_weight_fraction_leaf=0.0, presort='deprecated',
                      random_state=1554, splitter='best')
2022-03-21 15:57:00,835:INFO:create_model() succesfully completed......................................
2022-03-21 15:57:00,908:INFO:SubProcess create_model() end ==================================
2022-03-21 15:57:00,909:INFO:Creating metrics dataframe
2022-03-21 15:57:00,929:INFO:Initializing Random Forest Regressor
2022-03-21 15:57:00,929:INFO:Total runtime is 0.1279443025588989 minutes
2022-03-21 15:57:00,940:INFO:SubProcess create_model() called ==================================
2022-03-21 15:57:00,940:INFO:Initializing create_model()
2022-03-21 15:57:00,940:INFO:create_model(estimator=rf, fold=KFold(n_splits=10, random_state=None, shuffle=False), round=4, cross_validation=True, predict=True, fit_kwargs={}, groups=None, refit=False, verbose=False, system=False, metrics=None, add_to_model_list=True, probability_threshold=None, display=<pycaret.internal.Display.Display object at 0x7f9f3392f460>, kwargs={})
2022-03-21 15:57:00,940:INFO:Checking exceptions
2022-03-21 15:57:00,940:INFO:Importing libraries
2022-03-21 15:57:00,941:INFO:Copying training dataset
2022-03-21 15:57:00,942:INFO:Defining folds
2022-03-21 15:57:00,942:INFO:Declaring metric variables
2022-03-21 15:57:00,953:INFO:Importing untrained model
2022-03-21 15:57:00,968:INFO:Random Forest Regressor Imported succesfully
2022-03-21 15:57:00,997:INFO:Starting cross validation
2022-03-21 15:57:00,998:INFO:Cross validating with KFold(n_splits=10, random_state=None, shuffle=False), n_jobs=-1
2022-03-21 15:57:06,171:INFO:Calculating mean and std
2022-03-21 15:57:06,172:INFO:Creating metrics dataframe
2022-03-21 15:57:06,176:INFO:Uploading results into container
2022-03-21 15:57:06,177:INFO:Uploading model into container now
2022-03-21 15:57:06,177:INFO:create_model_container: 13
2022-03-21 15:57:06,177:INFO:master_model_container: 13
2022-03-21 15:57:06,177:INFO:display_container: 2
2022-03-21 15:57:06,178:INFO:RandomForestRegressor(bootstrap=True, ccp_alpha=0.0, criterion='mse',
                      max_depth=None, max_features='auto', max_leaf_nodes=None,
                      max_samples=None, min_impurity_decrease=0.0,
                      min_impurity_split=None, min_samples_leaf=1,
                      min_samples_split=2, min_weight_fraction_leaf=0.0,
                      n_estimators=100, n_jobs=-1, oob_score=False,
                      random_state=1554, verbose=0, warm_start=False)
2022-03-21 15:57:06,178:INFO:create_model() succesfully completed......................................
2022-03-21 15:57:06,252:INFO:SubProcess create_model() end ==================================
2022-03-21 15:57:06,252:INFO:Creating metrics dataframe
2022-03-21 15:57:06,272:INFO:Initializing Extra Trees Regressor
2022-03-21 15:57:06,273:INFO:Total runtime is 0.21700828075408934 minutes
2022-03-21 15:57:06,282:INFO:SubProcess create_model() called ==================================
2022-03-21 15:57:06,283:INFO:Initializing create_model()
2022-03-21 15:57:06,283:INFO:create_model(estimator=et, fold=KFold(n_splits=10, random_state=None, shuffle=False), round=4, cross_validation=True, predict=True, fit_kwargs={}, groups=None, refit=False, verbose=False, system=False, metrics=None, add_to_model_list=True, probability_threshold=None, display=<pycaret.internal.Display.Display object at 0x7f9f3392f460>, kwargs={})
2022-03-21 15:57:06,283:INFO:Checking exceptions
2022-03-21 15:57:06,283:INFO:Importing libraries
2022-03-21 15:57:06,283:INFO:Copying training dataset
2022-03-21 15:57:06,284:INFO:Defining folds
2022-03-21 15:57:06,285:INFO:Declaring metric variables
2022-03-21 15:57:06,294:INFO:Importing untrained model
2022-03-21 15:57:06,307:INFO:Extra Trees Regressor Imported succesfully
2022-03-21 15:57:06,329:INFO:Starting cross validation
2022-03-21 15:57:06,330:INFO:Cross validating with KFold(n_splits=10, random_state=None, shuffle=False), n_jobs=-1
2022-03-21 15:57:10,550:INFO:Calculating mean and std
2022-03-21 15:57:10,552:INFO:Creating metrics dataframe
2022-03-21 15:57:10,556:INFO:Uploading results into container
2022-03-21 15:57:10,556:INFO:Uploading model into container now
2022-03-21 15:57:10,556:INFO:create_model_container: 14
2022-03-21 15:57:10,556:INFO:master_model_container: 14
2022-03-21 15:57:10,556:INFO:display_container: 2
2022-03-21 15:57:10,557:INFO:ExtraTreesRegressor(bootstrap=False, ccp_alpha=0.0, criterion='mse',
                    max_depth=None, max_features='auto', max_leaf_nodes=None,
                    max_samples=None, min_impurity_decrease=0.0,
                    min_impurity_split=None, min_samples_leaf=1,
                    min_samples_split=2, min_weight_fraction_leaf=0.0,
                    n_estimators=100, n_jobs=-1, oob_score=False,
                    random_state=1554, verbose=0, warm_start=False)
2022-03-21 15:57:10,557:INFO:create_model() succesfully completed......................................
2022-03-21 15:57:10,630:INFO:SubProcess create_model() end ==================================
2022-03-21 15:57:10,631:INFO:Creating metrics dataframe
2022-03-21 15:57:10,652:INFO:Initializing AdaBoost Regressor
2022-03-21 15:57:10,652:INFO:Total runtime is 0.290003498395284 minutes
2022-03-21 15:57:10,662:INFO:SubProcess create_model() called ==================================
2022-03-21 15:57:10,662:INFO:Initializing create_model()
2022-03-21 15:57:10,662:INFO:create_model(estimator=ada, fold=KFold(n_splits=10, random_state=None, shuffle=False), round=4, cross_validation=True, predict=True, fit_kwargs={}, groups=None, refit=False, verbose=False, system=False, metrics=None, add_to_model_list=True, probability_threshold=None, display=<pycaret.internal.Display.Display object at 0x7f9f3392f460>, kwargs={})
2022-03-21 15:57:10,662:INFO:Checking exceptions
2022-03-21 15:57:10,662:INFO:Importing libraries
2022-03-21 15:57:10,662:INFO:Copying training dataset
2022-03-21 15:57:10,664:INFO:Defining folds
2022-03-21 15:57:10,664:INFO:Declaring metric variables
2022-03-21 15:57:10,673:INFO:Importing untrained model
2022-03-21 15:57:10,684:INFO:AdaBoost Regressor Imported succesfully
2022-03-21 15:57:10,706:INFO:Starting cross validation
2022-03-21 15:57:10,707:INFO:Cross validating with KFold(n_splits=10, random_state=None, shuffle=False), n_jobs=-1
2022-03-21 15:57:11,822:INFO:Calculating mean and std
2022-03-21 15:57:11,823:INFO:Creating metrics dataframe
2022-03-21 15:57:11,827:INFO:Uploading results into container
2022-03-21 15:57:11,827:INFO:Uploading model into container now
2022-03-21 15:57:11,827:INFO:create_model_container: 15
2022-03-21 15:57:11,827:INFO:master_model_container: 15
2022-03-21 15:57:11,827:INFO:display_container: 2
2022-03-21 15:57:11,827:INFO:AdaBoostRegressor(base_estimator=None, learning_rate=1.0, loss='linear',
                  n_estimators=50, random_state=1554)
2022-03-21 15:57:11,827:INFO:create_model() succesfully completed......................................
2022-03-21 15:57:11,901:INFO:SubProcess create_model() end ==================================
2022-03-21 15:57:11,902:INFO:Creating metrics dataframe
2022-03-21 15:57:11,923:INFO:Initializing Gradient Boosting Regressor
2022-03-21 15:57:11,923:INFO:Total runtime is 0.3111762563387553 minutes
2022-03-21 15:57:11,933:INFO:SubProcess create_model() called ==================================
2022-03-21 15:57:11,933:INFO:Initializing create_model()
2022-03-21 15:57:11,934:INFO:create_model(estimator=gbr, fold=KFold(n_splits=10, random_state=None, shuffle=False), round=4, cross_validation=True, predict=True, fit_kwargs={}, groups=None, refit=False, verbose=False, system=False, metrics=None, add_to_model_list=True, probability_threshold=None, display=<pycaret.internal.Display.Display object at 0x7f9f3392f460>, kwargs={})
2022-03-21 15:57:11,934:INFO:Checking exceptions
2022-03-21 15:57:11,934:INFO:Importing libraries
2022-03-21 15:57:11,934:INFO:Copying training dataset
2022-03-21 15:57:11,935:INFO:Defining folds
2022-03-21 15:57:11,935:INFO:Declaring metric variables
2022-03-21 15:57:11,944:INFO:Importing untrained model
2022-03-21 15:57:11,954:INFO:Gradient Boosting Regressor Imported succesfully
2022-03-21 15:57:11,977:INFO:Starting cross validation
2022-03-21 15:57:11,978:INFO:Cross validating with KFold(n_splits=10, random_state=None, shuffle=False), n_jobs=-1
2022-03-21 15:57:13,526:INFO:Calculating mean and std
2022-03-21 15:57:13,527:INFO:Creating metrics dataframe
2022-03-21 15:57:13,531:INFO:Uploading results into container
2022-03-21 15:57:13,531:INFO:Uploading model into container now
2022-03-21 15:57:13,532:INFO:create_model_container: 16
2022-03-21 15:57:13,532:INFO:master_model_container: 16
2022-03-21 15:57:13,532:INFO:display_container: 2
2022-03-21 15:57:13,532:INFO:GradientBoostingRegressor(alpha=0.9, ccp_alpha=0.0, criterion='friedman_mse',
                          init=None, learning_rate=0.1, loss='ls', max_depth=3,
                          max_features=None, max_leaf_nodes=None,
                          min_impurity_decrease=0.0, min_impurity_split=None,
                          min_samples_leaf=1, min_samples_split=2,
                          min_weight_fraction_leaf=0.0, n_estimators=100,
                          n_iter_no_change=None, presort='deprecated',
                          random_state=1554, subsample=1.0, tol=0.0001,
                          validation_fraction=0.1, verbose=0, warm_start=False)
2022-03-21 15:57:13,532:INFO:create_model() succesfully completed......................................
2022-03-21 15:57:13,607:INFO:SubProcess create_model() end ==================================
2022-03-21 15:57:13,607:INFO:Creating metrics dataframe
2022-03-21 15:57:13,628:INFO:Initializing Extreme Gradient Boosting
2022-03-21 15:57:13,628:INFO:Total runtime is 0.3396044850349426 minutes
2022-03-21 15:57:13,639:INFO:SubProcess create_model() called ==================================
2022-03-21 15:57:13,640:INFO:Initializing create_model()
2022-03-21 15:57:13,640:INFO:create_model(estimator=xgboost, fold=KFold(n_splits=10, random_state=None, shuffle=False), round=4, cross_validation=True, predict=True, fit_kwargs={}, groups=None, refit=False, verbose=False, system=False, metrics=None, add_to_model_list=True, probability_threshold=None, display=<pycaret.internal.Display.Display object at 0x7f9f3392f460>, kwargs={})
2022-03-21 15:57:13,640:INFO:Checking exceptions
2022-03-21 15:57:13,640:INFO:Importing libraries
2022-03-21 15:57:13,641:INFO:Copying training dataset
2022-03-21 15:57:13,642:INFO:Defining folds
2022-03-21 15:57:13,642:INFO:Declaring metric variables
2022-03-21 15:57:13,650:INFO:Importing untrained model
2022-03-21 15:57:13,664:INFO:Extreme Gradient Boosting Imported succesfully
2022-03-21 15:57:13,687:INFO:Starting cross validation
2022-03-21 15:57:13,689:INFO:Cross validating with KFold(n_splits=10, random_state=None, shuffle=False), n_jobs=-1
2022-03-21 16:06:47,424:INFO:Calculating mean and std
2022-03-21 16:06:47,425:INFO:Creating metrics dataframe
2022-03-21 16:06:47,430:INFO:Uploading results into container
2022-03-21 16:06:47,431:INFO:Uploading model into container now
2022-03-21 16:06:47,431:INFO:create_model_container: 17
2022-03-21 16:06:47,431:INFO:master_model_container: 17
2022-03-21 16:06:47,431:INFO:display_container: 2
2022-03-21 16:06:47,432:INFO:XGBRegressor(base_score=None, booster='gbtree', colsample_bylevel=None,
             colsample_bynode=None, colsample_bytree=None,
             enable_categorical=False, gamma=None, gpu_id=None,
             importance_type=None, interaction_constraints=None,
             learning_rate=None, max_delta_step=None, max_depth=None,
             min_child_weight=None, missing=nan, monotone_constraints=None,
             n_estimators=100, n_jobs=-1, num_parallel_tree=None,
             objective='reg:squarederror', predictor=None, random_state=1554,
             reg_alpha=None, reg_lambda=None, scale_pos_weight=None,
             subsample=None, tree_method='auto', validate_parameters=None,
             verbosity=0)
2022-03-21 16:06:47,432:INFO:create_model() succesfully completed......................................
2022-03-21 16:06:47,505:INFO:SubProcess create_model() end ==================================
2022-03-21 16:06:47,505:INFO:Creating metrics dataframe
2022-03-21 16:06:47,526:INFO:Initializing Light Gradient Boosting Machine
2022-03-21 16:06:47,527:INFO:Total runtime is 9.904576023419699 minutes
2022-03-21 16:06:47,536:INFO:SubProcess create_model() called ==================================
2022-03-21 16:06:47,537:INFO:Initializing create_model()
2022-03-21 16:06:47,537:INFO:create_model(estimator=lightgbm, fold=KFold(n_splits=10, random_state=None, shuffle=False), round=4, cross_validation=True, predict=True, fit_kwargs={}, groups=None, refit=False, verbose=False, system=False, metrics=None, add_to_model_list=True, probability_threshold=None, display=<pycaret.internal.Display.Display object at 0x7f9f3392f460>, kwargs={})
2022-03-21 16:06:47,537:INFO:Checking exceptions
2022-03-21 16:06:47,537:INFO:Importing libraries
2022-03-21 16:06:47,537:INFO:Copying training dataset
2022-03-21 16:06:47,538:INFO:Defining folds
2022-03-21 16:06:47,538:INFO:Declaring metric variables
2022-03-21 16:06:47,548:INFO:Importing untrained model
2022-03-21 16:06:47,561:INFO:Light Gradient Boosting Machine Imported succesfully
2022-03-21 16:06:47,586:INFO:Starting cross validation
2022-03-21 16:06:47,588:INFO:Cross validating with KFold(n_splits=10, random_state=None, shuffle=False), n_jobs=-1
2022-03-21 16:06:49,055:INFO:Calculating mean and std
2022-03-21 16:06:49,057:INFO:Creating metrics dataframe
2022-03-21 16:06:49,062:INFO:Uploading results into container
2022-03-21 16:06:49,062:INFO:Uploading model into container now
2022-03-21 16:06:49,062:INFO:create_model_container: 18
2022-03-21 16:06:49,063:INFO:master_model_container: 18
2022-03-21 16:06:49,063:INFO:display_container: 2
2022-03-21 16:06:49,063:INFO:LGBMRegressor(boosting_type='gbdt', class_weight=None, colsample_bytree=1.0,
              importance_type='split', learning_rate=0.1, max_depth=-1,
              min_child_samples=20, min_child_weight=0.001, min_split_gain=0.0,
              n_estimators=100, n_jobs=-1, num_leaves=31, objective=None,
              random_state=1554, reg_alpha=0.0, reg_lambda=0.0, silent='warn',
              subsample=1.0, subsample_for_bin=200000, subsample_freq=0)
2022-03-21 16:06:49,064:INFO:create_model() succesfully completed......................................
2022-03-21 16:06:49,152:INFO:SubProcess create_model() end ==================================
2022-03-21 16:06:49,152:INFO:Creating metrics dataframe
2022-03-21 16:06:49,174:INFO:Initializing Dummy Regressor
2022-03-21 16:06:49,174:INFO:Total runtime is 9.932036979993185 minutes
2022-03-21 16:06:49,186:INFO:SubProcess create_model() called ==================================
2022-03-21 16:06:49,186:INFO:Initializing create_model()
2022-03-21 16:06:49,186:INFO:create_model(estimator=dummy, fold=KFold(n_splits=10, random_state=None, shuffle=False), round=4, cross_validation=True, predict=True, fit_kwargs={}, groups=None, refit=False, verbose=False, system=False, metrics=None, add_to_model_list=True, probability_threshold=None, display=<pycaret.internal.Display.Display object at 0x7f9f3392f460>, kwargs={})
2022-03-21 16:06:49,186:INFO:Checking exceptions
2022-03-21 16:06:49,186:INFO:Importing libraries
2022-03-21 16:06:49,187:INFO:Copying training dataset
2022-03-21 16:06:49,188:INFO:Defining folds
2022-03-21 16:06:49,188:INFO:Declaring metric variables
2022-03-21 16:06:49,201:INFO:Importing untrained model
2022-03-21 16:06:49,214:INFO:Dummy Regressor Imported succesfully
2022-03-21 16:06:49,238:INFO:Starting cross validation
2022-03-21 16:06:49,239:INFO:Cross validating with KFold(n_splits=10, random_state=None, shuffle=False), n_jobs=-1
2022-03-21 16:06:49,330:INFO:Calculating mean and std
2022-03-21 16:06:49,331:INFO:Creating metrics dataframe
2022-03-21 16:06:49,337:INFO:Uploading results into container
2022-03-21 16:06:49,338:INFO:Uploading model into container now
2022-03-21 16:06:49,338:INFO:create_model_container: 19
2022-03-21 16:06:49,338:INFO:master_model_container: 19
2022-03-21 16:06:49,338:INFO:display_container: 2
2022-03-21 16:06:49,338:INFO:DummyRegressor(constant=None, quantile=None, strategy='mean')
2022-03-21 16:06:49,338:INFO:create_model() succesfully completed......................................
2022-03-21 16:06:49,411:INFO:SubProcess create_model() end ==================================
2022-03-21 16:06:49,411:INFO:Creating metrics dataframe
2022-03-21 16:06:49,458:INFO:Initializing create_model()
2022-03-21 16:06:49,458:INFO:create_model(estimator=LGBMRegressor(boosting_type='gbdt', class_weight=None, colsample_bytree=1.0,
              importance_type='split', learning_rate=0.1, max_depth=-1,
              min_child_samples=20, min_child_weight=0.001, min_split_gain=0.0,
              n_estimators=100, n_jobs=-1, num_leaves=31, objective=None,
              random_state=1554, reg_alpha=0.0, reg_lambda=0.0, silent='warn',
              subsample=1.0, subsample_for_bin=200000, subsample_freq=0), fold=KFold(n_splits=10, random_state=None, shuffle=False), round=4, cross_validation=False, predict=False, fit_kwargs={}, groups=None, refit=True, verbose=False, system=False, metrics=None, add_to_model_list=True, probability_threshold=None, display=None, kwargs={})
2022-03-21 16:06:49,458:INFO:Checking exceptions
2022-03-21 16:06:49,458:INFO:Importing libraries
2022-03-21 16:06:49,458:INFO:Copying training dataset
2022-03-21 16:06:49,459:INFO:Defining folds
2022-03-21 16:06:49,459:INFO:Declaring metric variables
2022-03-21 16:06:49,459:INFO:Importing untrained model
2022-03-21 16:06:49,459:INFO:Declaring custom model
2022-03-21 16:06:49,460:INFO:Light Gradient Boosting Machine Imported succesfully
2022-03-21 16:06:49,460:INFO:Cross validation set to False
2022-03-21 16:06:49,460:INFO:Fitting Model
2022-03-21 16:07:08,716:INFO:LGBMRegressor(boosting_type='gbdt', class_weight=None, colsample_bytree=1.0,
              importance_type='split', learning_rate=0.1, max_depth=-1,
              min_child_samples=20, min_child_weight=0.001, min_split_gain=0.0,
              n_estimators=100, n_jobs=-1, num_leaves=31, objective=None,
              random_state=1554, reg_alpha=0.0, reg_lambda=0.0, silent='warn',
              subsample=1.0, subsample_for_bin=200000, subsample_freq=0)
2022-03-21 16:07:08,716:INFO:create_models() succesfully completed......................................
2022-03-21 16:07:08,843:INFO:create_model_container: 19
2022-03-21 16:07:08,843:INFO:master_model_container: 19
2022-03-21 16:07:08,843:INFO:display_container: 2
2022-03-21 16:07:08,844:INFO:LGBMRegressor(boosting_type='gbdt', class_weight=None, colsample_bytree=1.0,
              importance_type='split', learning_rate=0.1, max_depth=-1,
              min_child_samples=20, min_child_weight=0.001, min_split_gain=0.0,
              n_estimators=100, n_jobs=-1, num_leaves=31, objective=None,
              random_state=1554, reg_alpha=0.0, reg_lambda=0.0, silent='warn',
              subsample=1.0, subsample_for_bin=200000, subsample_freq=0)
2022-03-21 16:07:08,844:INFO:compare_models() succesfully completed......................................
